<?xml version="1.0" encoding="UTF-8"?>
<testsuite name="com.setec.WebApiProductApplicationTests" tests="1" skipped="0" failures="0" errors="0" timestamp="2026-01-03T08:02:55.173Z" hostname="PANHAVUTH-PC" time="0.653">
  <properties/>
  <testcase name="contextLoads()" classname="com.setec.WebApiProductApplicationTests" time="0.653"/>
  <system-out><![CDATA[15:02:48.453 [Test worker] INFO org.springframework.test.context.support.AnnotationConfigContextLoaderUtils -- Could not detect default configuration classes for test class [com.setec.WebApiProductApplicationTests]: WebApiProductApplicationTests does not declare any static, non-private, non-final, nested classes annotated with @Configuration.
15:02:48.615 [Test worker] INFO org.springframework.boot.test.context.SpringBootTestContextBootstrapper -- Found @SpringBootConfiguration com.setec.WebApiProductApplication for test class com.setec.WebApiProductApplicationTests

  .   ____          _            __ _ _
 /\\ / ___'_ __ _ _(_)_ __  __ _ \ \ \ \
( ( )\___ | '_ | '_| | '_ \/ _` | \ \ \ \
 \\/  ___)| |_)| | | | | || (_| |  ) ) ) )
  '  |____| .__|_| |_|_| |_\__, | / / / /
 =========|_|==============|___/=/_/_/_/

 :: Spring Boot ::                (v4.0.0)

2026-01-03T15:02:49.287+07:00  INFO 27876 --- [web-api-product] [    Test worker] c.setec.WebApiProductApplicationTests    : Starting WebApiProductApplicationTests using Java 21 with PID 27876 (started by MAM PANHAVUTH in C:\Users\mpanh\OneDrive\SETEC\Spring\SU\SU413\sts-4.30.0.RELEASE\WorkSpaces\web-api-product)
2026-01-03T15:02:49.288+07:00  INFO 27876 --- [web-api-product] [    Test worker] c.setec.WebApiProductApplicationTests    : No active profile set, falling back to 1 default profile: "default"
2026-01-03T15:02:50.684+07:00  INFO 27876 --- [web-api-product] [    Test worker] .s.d.r.c.RepositoryConfigurationDelegate : Bootstrapping Spring Data JPA repositories in DEFAULT mode.
2026-01-03T15:02:50.795+07:00  INFO 27876 --- [web-api-product] [    Test worker] .s.d.r.c.RepositoryConfigurationDelegate : Finished Spring Data repository scanning in 90 ms. Found 1 JPA repository interface.
2026-01-03T15:02:51.475+07:00  INFO 27876 --- [web-api-product] [    Test worker] o.hibernate.jpa.internal.util.LogHelper  : HHH000204: Processing PersistenceUnitInfo [name: default]
2026-01-03T15:02:51.566+07:00  INFO 27876 --- [web-api-product] [    Test worker] org.hibernate.Version                    : HHH000412: Hibernate ORM core version 7.1.8.Final
2026-01-03T15:02:52.339+07:00  INFO 27876 --- [web-api-product] [    Test worker] o.s.o.j.p.SpringPersistenceUnitInfo      : No LoadTimeWeaver setup: ignoring JPA class transformer
2026-01-03T15:02:52.376+07:00  INFO 27876 --- [web-api-product] [    Test worker] com.zaxxer.hikari.HikariDataSource       : HikariPool-1 - Starting...
2026-01-03T15:02:52.579+07:00  INFO 27876 --- [web-api-product] [    Test worker] com.zaxxer.hikari.pool.HikariPool        : HikariPool-1 - Added connection com.mysql.cj.jdbc.ConnectionImpl@56a72887
2026-01-03T15:02:52.583+07:00  INFO 27876 --- [web-api-product] [    Test worker] com.zaxxer.hikari.HikariDataSource       : HikariPool-1 - Start completed.
2026-01-03T15:02:52.688+07:00  INFO 27876 --- [web-api-product] [    Test worker] org.hibernate.orm.connections.pooling    : HHH10001005: Database info:
	Database JDBC URL [jdbc:mysql://localhost:3306/dbsu413?createDatabaseIfNotExist=true&allowPublicKeyRetrieval=true&useSSL=false]
	Database driver: MySQL Connector/J
	Database dialect: MySQLDialect
	Database version: 8.0.39
	Default catalog/schema: dbsu413/undefined
	Autocommit mode: undefined/unknown
	Isolation level: REPEATABLE_READ [default REPEATABLE_READ]
	JDBC fetch size: none
	Pool: DatasourceConnectionProviderImpl
	Minimum pool size: undefined/unknown
	Maximum pool size: undefined/unknown
2026-01-03T15:02:53.629+07:00  INFO 27876 --- [web-api-product] [    Test worker] o.h.e.t.j.p.i.JtaPlatformInitiator       : HHH000489: No JTA platform available (set 'hibernate.transaction.jta.platform' to enable JTA platform integration)
2026-01-03T15:02:53.700+07:00  INFO 27876 --- [web-api-product] [    Test worker] j.LocalContainerEntityManagerFactoryBean : Initialized JPA EntityManagerFactory for persistence unit 'default'
2026-01-03T15:02:53.829+07:00  INFO 27876 --- [web-api-product] [    Test worker] o.s.d.j.r.query.QueryEnhancerFactories   : Hibernate is in classpath; If applicable, HQL parser will be used.
C:\Users\mpanh\OneDrive\SETEC\Spring\SU\SU413\sts-4.30.0.RELEASE\WorkSpaces\web-api-product\myApp\static
2026-01-03T15:02:55.149+07:00  INFO 27876 --- [web-api-product] [    Test worker] c.setec.WebApiProductApplicationTests    : Started WebApiProductApplicationTests in 6.26 seconds (process running for 8.623)
2026-01-03T15:02:55.154+07:00  WARN 27876 --- [web-api-product] [    Test worker] o.s.core.events.SpringDocAppInitializer  : SpringDoc /v3/api-docs endpoint is enabled by default. To disable it in production, set the property 'springdoc.api-docs.enabled=false'
2026-01-03T15:02:55.154+07:00  WARN 27876 --- [web-api-product] [    Test worker] o.s.core.events.SpringDocAppInitializer  : SpringDoc /swagger-ui.html endpoint is enabled by default. To disable it in production, set the property 'springdoc.swagger-ui.enabled=false'
]]></system-out>
  <system-err><![CDATA[Mockito is currently self-attaching to enable the inline-mock-maker. This will no longer work in future releases of the JDK. Please add Mockito as an agent to your build as described in Mockito's documentation: https://javadoc.io/doc/org.mockito/mockito-core/latest/org.mockito/org/mockito/Mockito.html#0.3
WARNING: A Java agent has been loaded dynamically (C:\apache\gradle-8.14.1\caches\modules-2\files-2.1\net.bytebuddy\byte-buddy-agent\1.17.8\f09415827a71be7ed621c7bd02550678f28bc81c\byte-buddy-agent-1.17.8.jar)
WARNING: If a serviceability tool is in use, please run with -XX:+EnableDynamicAgentLoading to hide this warning
WARNING: If a serviceability tool is not in use, please run with -Djdk.instrument.traceUsage for more information
WARNING: Dynamic loading of agents will be disallowed by default in a future release
]]></system-err>
</testsuite>
